{"level":"error","message":"Error: Error: MongoServerError: E11000 duplicate key error collection: ecommerce.carts index: userCart_1 dup key: { userCart: null }"}
{"level":"warning","message":"User doesn't exists, pass to register"}
{"level":"warning","message":"User doesn't exists"}
{"level":"error","message":"Error: Error: MongoServerError: E11000 duplicate key error collection: ecommerce.carts index: userCart_1 dup key: { userCart: null }"}
{"level":"error","message":"Error: Error: MongoServerError: E11000 duplicate key error collection: ecommerce.carts index: userCart_1 dup key: { userCart: null }"}
{"level":"error","message":"Error: Error: MongoServerError: E11000 duplicate key error collection: ecommerce.carts index: userCart_1 dup key: { userCart: null }"}
{"level":"error","message":"Error: Error: MongoServerError: E11000 duplicate key error collection: ecommerce.carts index: userCart_1 dup key: { userCart: null }"}
{"level":"error","message":"Error: MongoServerError: E11000 duplicate key error collection: ecommerce.carts index: userCart_1 dup key: { userCart: null }"}
{"level":"error","message":"Error: MongoServerError: E11000 duplicate key error collection: ecommerce.carts index: userCart_1 dup key: { userCart: null }"}
{"level":"error","message":"Error: ReferenceError: userCart is not defined"}
{"level":"error","message":"Error: ReferenceError: generateUniqueCartId is not defined"}
{"level":"error","message":"Error: MongoServerError: E11000 duplicate key error collection: ecommerce.carts index: userCart_1 dup key: { userCart: null }"}
{"level":"error","message":"Error: MongoServerError: E11000 duplicate key error collection: ecommerce.carts index: userCart_1 dup key: { userCart: null }"}
{"level":"error","message":"Error: MongoServerError: E11000 duplicate key error collection: ecommerce.carts index: userCart_1 dup key: { userCart: null }"}
{"level":"error","message":"Error: MongoServerError: E11000 duplicate key error collection: ecommerce.carts index: userCart_1 dup key: { userCart: null }"}
{"level":"error","message":"Error: Error: MongoServerError: E11000 duplicate key error collection: ecommerce.carts index: userCart_1 dup key: { userCart: null }"}
{"level":"warning","message":"User doesn't exist"}
{"level":"warning","message":"User doesn't exists, pass to register"}
{"level":"error","message":"Error: Error: ValidationError: name: Path `name` is required., last_name: Path `last_name` is required., age: Path `age` is required., password: Path `password` is required."}
{"level":"warning","message":"User doesn't exists, pass to register"}
{"level":"error","message":"Error: Error: MongoServerError: E11000 duplicate key error collection: ecommerce.carts index: userCart_1 dup key: { userCart: null }"}
{"level":"warning","message":"User doesn't exists, pass to register"}
{"level":"error","message":"Error: Error: MongoServerError: E11000 duplicate key error collection: ecommerce.carts index: userCart_1 dup key: { userCart: null }"}
{"level":"error","message":"Error: Error: Failed to obtain access token"}
{"level":"warning","message":"User doesn't exists, pass to register"}
{"level":"error","message":"Error: Error: ValidationError: name: Path `name` is required., last_name: Path `last_name` is required., age: Path `age` is required., password: Path `password` is required."}
{"level":"warning","message":"User doesn't exists, pass to register"}
{"level":"error","message":"Error: Error: MongoServerError: E11000 duplicate key error collection: ecommerce.carts index: userCart_1 dup key: { userCart: null }"}
{"level":"fatal","message":"Fatal: ERROR TRYING TO CONNECT MONGO DB"}
{"level":"fatal","message":"Fatal: ERROR TRYING TO CONNECT MONGO DB"}
{"level":"fatal","message":"Fatal: ERROR TRYING TO CONNECT MONGO DB"}
{"level":"fatal","message":"Fatal: ERROR TRYING TO CONNECT MONGO DB"}
